TN:
SF:projects/wvr-elements/src/test.ts
FNF:0
FNH:0
DA:12,1
DA:15,1
DA:17,1
LF:3
LH:3
BRF:0
BRH:0
end_of_record
TN:
SF:projects/wvr-elements/src/lib/core/action-registry.service.ts
FN:14,(anonymous_0)
FN:18,(anonymous_1)
FN:22,(anonymous_2)
FNF:3
FNH:2
FNDA:39,(anonymous_0)
FNDA:9,(anonymous_1)
FNDA:0,(anonymous_2)
DA:10,1
DA:15,39
DA:19,9
DA:23,0
LF:4
LH:3
BRF:0
BRH:0
end_of_record
TN:
SF:projects/wvr-elements/src/lib/core/actions.ts
FNF:0
FNH:0
DA:9,1
LF:1
LH:1
BRF:0
BRH:0
end_of_record
TN:
SF:projects/wvr-elements/src/lib/core/component-registry.service.ts
FN:21,(anonymous_1)
FN:29,(anonymous_2)
FN:34,(anonymous_3)
FN:39,(anonymous_4)
FNF:4
FNH:4
FNDA:240,(anonymous_1)
FNDA:233,(anonymous_2)
FNDA:19,(anonymous_3)
FNDA:17,(anonymous_4)
DA:9,1
DA:12,97
DA:15,97
DA:18,1
DA:23,240
DA:25,240
DA:30,233
DA:35,19
DA:41,17
DA:42,17
DA:44,17
DA:45,0
DA:48,17
DA:50,17
LF:14
LH:13
BRDA:42,0,0,1
BRDA:42,0,1,16
BRDA:44,1,0,0
BRDA:44,1,1,17
BRF:4
BRH:3
end_of_record
TN:
SF:projects/wvr-elements/src/lib/core/ng-bindings.service.ts
FN:20,(anonymous_0)
FN:24,(anonymous_1)
FNF:2
FNH:1
FNDA:97,(anonymous_0)
FNDA:0,(anonymous_1)
DA:16,1
DA:21,97
DA:25,0
DA:26,0
DA:27,0
DA:28,0
DA:30,0
DA:32,0
LF:8
LH:2
BRDA:26,0,0,0
BRDA:26,0,1,0
BRF:2
BRH:0
end_of_record
TN:
SF:projects/wvr-elements/src/lib/core/layout/layout.actions.ts
FNF:0
FNH:0
DA:3,1
LF:1
LH:1
BRF:0
BRH:0
end_of_record
TN:
SF:projects/wvr-elements/src/lib/core/layout/layout.reducers.ts
FN:15,(anonymous_0)
FNF:1
FNH:0
FNDA:0,(anonymous_0)
DA:9,1
DA:13,1
DA:15,0
LF:3
LH:2
BRF:0
BRH:0
end_of_record
TN:
SF:projects/wvr-elements/src/lib/core/manifest/manifest.actions.ts
FNF:0
FNH:0
DA:6,1
DA:7,1
DA:8,1
DA:9,1
DA:10,1
DA:11,1
DA:12,1
DA:13,1
DA:14,1
DA:15,1
DA:16,1
DA:17,1
DA:18,1
DA:21,1
DA:23,1
DA:30,1
DA:39,1
DA:48,1
DA:55,1
LF:19
LH:19
BRF:0
BRH:0
end_of_record
TN:
SF:projects/wvr-elements/src/lib/core/manifest/manifest.reducers.ts
FN:13,selectManifestByName
FN:28,(anonymous_1)
FN:29,(anonymous_2)
FN:30,(anonymous_3)
FN:31,(anonymous_4)
FN:32,(anonymous_5)
FN:33,(anonymous_6)
FN:34,(anonymous_7)
FN:35,(anonymous_8)
FN:36,(anonymous_9)
FN:37,(anonymous_10)
FN:38,(anonymous_11)
FN:39,(anonymous_12)
FN:40,(anonymous_13)
FN:41,(anonymous_14)
FN:43,(anonymous_15)
FN:51,(anonymous_16)
FN:55,(anonymous_17)
FN:70,(anonymous_18)
FN:74,(anonymous_19)
FN:88,(anonymous_20)
FN:96,(anonymous_21)
FN:99,(anonymous_22)
FN:105,reducer
FN:129,(anonymous_24)
FN:131,(anonymous_25)
FNF:26
FNH:23
FNDA:35,selectManifestByName
FNDA:2,(anonymous_1)
FNDA:1,(anonymous_2)
FNDA:1,(anonymous_3)
FNDA:1,(anonymous_4)
FNDA:1,(anonymous_5)
FNDA:1,(anonymous_6)
FNDA:1,(anonymous_7)
FNDA:0,(anonymous_8)
FNDA:0,(anonymous_9)
FNDA:1,(anonymous_10)
FNDA:1,(anonymous_11)
FNDA:0,(anonymous_12)
FNDA:1,(anonymous_13)
FNDA:1,(anonymous_14)
FNDA:1,(anonymous_15)
FNDA:2,(anonymous_16)
FNDA:4,(anonymous_17)
FNDA:2,(anonymous_18)
FNDA:4,(anonymous_19)
FNDA:2,(anonymous_20)
FNDA:2,(anonymous_21)
FNDA:4,(anonymous_22)
FNDA:32,reducer
FNDA:1,(anonymous_24)
FNDA:1,(anonymous_25)
DA:14,35
DA:17,1
DA:21,1
DA:26,1
DA:28,2
DA:29,1
DA:30,1
DA:31,1
DA:32,1
DA:33,1
DA:34,1
DA:35,0
DA:36,0
DA:37,1
DA:38,1
DA:39,0
DA:40,1
DA:41,1
DA:44,1
DA:52,2
DA:56,4
DA:57,1
DA:61,3
DA:71,2
DA:75,4
DA:76,1
DA:79,3
DA:89,2
DA:97,2
DA:99,4
DA:106,32
DA:115,1
DA:118,1
DA:121,1
DA:124,1
DA:127,1
DA:129,1
DA:131,1
LF:38
LH:35
BRDA:56,0,0,1
BRDA:56,0,1,3
BRDA:75,1,0,1
BRDA:75,1,1,3
BRDA:99,2,0,4
BRDA:99,2,1,3
BRF:6
BRH:6
end_of_record
TN:
SF:projects/wvr-elements/src/lib/core/message/index.ts
FNF:0
FNH:0
LF:0
LH:0
BRF:0
BRH:0
end_of_record
TN:
SF:projects/wvr-elements/src/lib/core/message/message.service.ts
FN:16,(anonymous_0)
FN:200,(anonymous_1)
FN:209,(anonymous_2)
FN:218,(anonymous_3)
FN:227,(anonymous_4)
FN:236,(anonymous_5)
FN:245,(anonymous_6)
FNF:7
FNH:1
FNDA:1,(anonymous_0)
FNDA:0,(anonymous_1)
FNDA:0,(anonymous_2)
FNDA:0,(anonymous_3)
FNDA:0,(anonymous_4)
FNDA:0,(anonymous_5)
FNDA:0,(anonymous_6)
DA:13,1
DA:16,1
DA:17,1
DA:200,1
DA:209,1
DA:218,1
DA:227,1
DA:236,1
DA:245,1
LF:9
LH:9
BRF:0
BRH:0
end_of_record
TN:
SF:projects/wvr-elements/src/lib/core/message-manifest/index.ts
FNF:0
FNH:0
LF:0
LH:0
BRF:0
BRH:0
end_of_record
TN:
SF:projects/wvr-elements/src/lib/core/message-manifest/message-manifest.actions.ts
FNF:0
FNH:0
DA:7,1
DA:8,1
DA:9,1
DA:10,1
DA:11,1
DA:12,1
DA:13,1
DA:14,1
DA:15,1
DA:16,1
DA:17,1
DA:18,1
DA:19,1
DA:21,1
DA:28,1
DA:35,1
DA:43,1
DA:51,1
DA:58,1
DA:65,1
DA:72,1
DA:79,1
DA:86,1
DA:94,1
DA:101,1
DA:108,1
DA:115,1
DA:123,1
DA:131,1
DA:140,1
DA:147,1
DA:155,1
DA:163,1
DA:170,1
DA:179,1
LF:35
LH:35
BRF:0
BRH:0
end_of_record
TN:
SF:projects/wvr-elements/src/lib/core/message-manifest/message-manifest.reducers.ts
FN:7,(anonymous_0)
FN:20,selectManifestByName
FN:35,(anonymous_2)
FN:36,(anonymous_3)
FN:37,(anonymous_4)
FN:38,(anonymous_5)
FN:39,(anonymous_6)
FN:40,(anonymous_7)
FN:41,(anonymous_8)
FN:42,(anonymous_9)
FN:43,(anonymous_10)
FN:44,(anonymous_11)
FN:45,(anonymous_12)
FN:46,(anonymous_13)
FN:47,(anonymous_14)
FN:48,(anonymous_15)
FN:50,(anonymous_16)
FN:54,(anonymous_17)
FN:62,(anonymous_18)
FN:70,(anonymous_19)
FN:74,(anonymous_20)
FN:82,(anonymous_21)
FN:86,(anonymous_22)
FN:94,(anonymous_23)
FN:102,(anonymous_24)
FN:105,(anonymous_25)
FN:109,(anonymous_26)
FN:123,(anonymous_27)
FN:137,(anonymous_28)
FN:151,(anonymous_29)
FN:165,(anonymous_30)
FN:169,(anonymous_31)
FN:176,(anonymous_32)
FN:180,(anonymous_33)
FN:189,reducer
FN:213,(anonymous_35)
FN:215,(anonymous_36)
FNF:37
FNH:35
FNDA:1,(anonymous_0)
FNDA:41,selectManifestByName
FNDA:2,(anonymous_2)
FNDA:1,(anonymous_3)
FNDA:1,(anonymous_4)
FNDA:1,(anonymous_5)
FNDA:1,(anonymous_6)
FNDA:1,(anonymous_7)
FNDA:1,(anonymous_8)
FNDA:0,(anonymous_9)
FNDA:0,(anonymous_10)
FNDA:1,(anonymous_11)
FNDA:1,(anonymous_12)
FNDA:1,(anonymous_13)
FNDA:1,(anonymous_14)
FNDA:1,(anonymous_15)
FNDA:1,(anonymous_16)
FNDA:2,(anonymous_17)
FNDA:1,(anonymous_18)
FNDA:2,(anonymous_19)
FNDA:4,(anonymous_20)
FNDA:2,(anonymous_21)
FNDA:4,(anonymous_22)
FNDA:2,(anonymous_23)
FNDA:2,(anonymous_24)
FNDA:4,(anonymous_25)
FNDA:1,(anonymous_26)
FNDA:1,(anonymous_27)
FNDA:1,(anonymous_28)
FNDA:1,(anonymous_29)
FNDA:1,(anonymous_30)
FNDA:2,(anonymous_31)
FNDA:1,(anonymous_32)
FNDA:2,(anonymous_33)
FNDA:40,reducer
FNDA:1,(anonymous_35)
FNDA:1,(anonymous_36)
DA:7,1
DA:8,1
DA:9,1
DA:10,1
DA:11,1
DA:21,41
DA:24,1
DA:28,1
DA:33,1
DA:35,2
DA:36,1
DA:37,1
DA:38,1
DA:39,1
DA:40,1
DA:41,1
DA:42,0
DA:43,0
DA:44,1
DA:45,1
DA:46,1
DA:47,1
DA:48,1
DA:51,1
DA:54,2
DA:63,1
DA:71,2
DA:74,4
DA:83,2
DA:86,4
DA:95,2
DA:103,2
DA:105,4
DA:110,1
DA:124,1
DA:138,1
DA:152,1
DA:166,1
DA:169,2
DA:177,1
DA:180,2
DA:190,40
DA:199,1
DA:202,1
DA:205,1
DA:208,1
DA:211,1
DA:213,1
DA:215,1
LF:49
LH:47
BRDA:7,0,0,1
BRDA:7,0,1,1
BRDA:54,1,0,1
BRDA:54,1,1,1
BRDA:74,2,0,1
BRDA:74,2,1,3
BRDA:86,3,0,1
BRDA:86,3,1,3
BRDA:105,4,0,4
BRDA:105,4,1,3
BRDA:169,5,0,1
BRDA:169,5,1,1
BRF:12
BRH:12
end_of_record
TN:
SF:projects/wvr-elements/src/lib/core/modal/modal.actions.ts
FNF:0
FNH:0
DA:4,1
DA:5,1
DA:6,1
LF:3
LH:3
BRF:0
BRH:0
end_of_record
TN:
SF:projects/wvr-elements/src/lib/core/modal/modal.reducers.ts
FN:8,selectModalByName
FN:20,(anonymous_1)
FN:21,(anonymous_2)
FN:29,(anonymous_3)
FNF:4
FNH:4
FNDA:4,selectModalByName
FNDA:1,(anonymous_1)
FNDA:1,(anonymous_2)
FNDA:1,(anonymous_3)
DA:9,4
DA:12,1
DA:16,1
DA:18,1
DA:20,1
DA:21,1
DA:29,1
LF:7
LH:7
BRF:0
BRH:0
end_of_record
TN:
SF:projects/wvr-elements/src/lib/core/rest/rest.actions.ts
FNF:0
FNH:0
DA:11,1
DA:21,1
DA:26,1
DA:34,1
DA:43,1
DA:52,1
DA:61,1
DA:70,1
DA:79,1
DA:88,1
DA:97,1
LF:11
LH:11
BRF:0
BRH:0
end_of_record
TN:
SF:projects/wvr-elements/src/lib/core/rest/rest.reducers.ts
FN:17,(anonymous_0)
FN:23,(anonymous_1)
FN:27,(anonymous_2)
FN:33,(anonymous_3)
FN:35,(anonymous_4)
FNF:5
FNH:2
FNDA:1,(anonymous_0)
FNDA:1,(anonymous_1)
FNDA:0,(anonymous_2)
FNDA:0,(anonymous_3)
FNDA:0,(anonymous_4)
DA:10,1
DA:15,1
DA:17,1
DA:23,1
DA:27,0
DA:33,1
DA:35,1
LF:7
LH:6
BRF:0
BRH:0
end_of_record
TN:
SF:projects/wvr-elements/src/lib/core/theme/theme.actions.ts
FNF:0
FNH:0
DA:4,1
DA:9,1
LF:2
LH:2
BRF:0
BRH:0
end_of_record
TN:
SF:projects/wvr-elements/src/lib/core/theme/theme.reducers.ts
FN:10,(anonymous_0)
FN:27,(anonymous_1)
FN:39,(anonymous_2)
FNF:3
FNH:3
FNDA:2,(anonymous_0)
FNDA:1,(anonymous_1)
FNDA:1,(anonymous_2)
DA:7,1
DA:8,1
DA:10,2
DA:17,1
DA:25,1
DA:28,1
DA:29,1
DA:34,1
DA:39,1
LF:9
LH:9
BRF:0
BRH:0
end_of_record
TN:
SF:projects/wvr-elements/src/lib/core/wysiwyg/wysiwyg.actions.ts
FNF:0
FNH:0
DA:4,1
DA:9,1
DA:14,1
LF:3
LH:3
BRF:0
BRH:0
end_of_record
TN:
SF:projects/wvr-elements/src/lib/core/wysiwyg/wysiwyg.reducers.ts
FN:9,selectWysiwygById
FN:21,(anonymous_1)
FN:22,(anonymous_2)
FN:30,(anonymous_3)
FNF:4
FNH:3
FNDA:4,selectWysiwygById
FNDA:1,(anonymous_1)
FNDA:2,(anonymous_2)
FNDA:0,(anonymous_3)
DA:10,4
DA:13,1
DA:17,1
DA:19,1
DA:21,1
DA:22,2
DA:30,0
LF:7
LH:6
BRF:0
BRH:0
end_of_record
TN:
SF:projects/wvr-elements/src/lib/shared/alignment.enum.ts
FN:4,(anonymous_0)
FNF:1
FNH:1
FNDA:1,(anonymous_0)
DA:4,1
DA:5,1
LF:2
LH:2
BRDA:4,0,0,1
BRDA:4,0,1,1
BRF:2
BRH:2
end_of_record
TN:
SF:projects/wvr-elements/src/lib/shared/wvr-base.component.ts
FN:124,(anonymous_0)
FN:321,(anonymous_1)
FN:322,(anonymous_2)
FN:50,(anonymous_3)
FN:68,(anonymous_4)
FN:76,(anonymous_5)
FN:102,(anonymous_6)
FN:116,(anonymous_7)
FN:145,(anonymous_8)
FN:153,(anonymous_9)
FN:160,(anonymous_10)
FN:166,(anonymous_11)
FN:170,(anonymous_12)
FN:175,(anonymous_13)
FN:209,(anonymous_14)
FN:210,(anonymous_15)
FN:211,(anonymous_16)
FN:224,(anonymous_17)
FN:225,(anonymous_18)
FN:237,(anonymous_19)
FN:258,(anonymous_20)
FN:262,(anonymous_21)
FNF:22
FNH:12
FNDA:240,(anonymous_0)
FNDA:0,(anonymous_1)
FNDA:0,(anonymous_2)
FNDA:0,(anonymous_3)
FNDA:6,(anonymous_4)
FNDA:3,(anonymous_5)
FNDA:760,(anonymous_6)
FNDA:0,(anonymous_7)
FNDA:234,(anonymous_8)
FNDA:234,(anonymous_9)
FNDA:234,(anonymous_10)
FNDA:232,(anonymous_11)
FNDA:252,(anonymous_12)
FNDA:234,(anonymous_13)
FNDA:0,(anonymous_14)
FNDA:0,(anonymous_15)
FNDA:0,(anonymous_16)
FNDA:0,(anonymous_17)
FNDA:0,(anonymous_18)
FNDA:564,(anonymous_19)
FNDA:234,(anonymous_20)
FNDA:0,(anonymous_21)
DA:22,1
DA:42,240
DA:47,240
DA:51,0
DA:58,240
DA:62,240
DA:65,240
DA:69,6
DA:73,240
DA:77,3
DA:103,760
DA:107,240
DA:110,240
DA:117,0
DA:125,240
DA:126,240
DA:127,240
DA:129,240
DA:130,240
DA:131,240
DA:132,240
DA:134,240
DA:135,240
DA:137,240
DA:139,240
DA:140,240
DA:141,240
DA:146,234
DA:147,234
DA:148,234
DA:149,234
DA:151,234
DA:153,234
DA:154,234
DA:161,234
DA:162,234
DA:167,232
DA:168,232
DA:170,232
DA:171,252
DA:176,234
DA:177,0
DA:178,0
DA:180,0
DA:183,0
DA:184,0
DA:185,0
DA:187,0
DA:188,0
DA:190,0
DA:191,0
DA:192,0
DA:196,0
DA:197,0
DA:199,0
DA:205,0
DA:207,0
DA:208,0
DA:209,0
DA:211,0
DA:212,0
DA:213,0
DA:214,0
DA:216,0
DA:223,0
DA:224,0
DA:226,0
DA:227,0
DA:228,0
DA:238,564
DA:239,564
DA:259,234
DA:263,0
DA:321,240
DA:322,0
LF:75
LH:43
BRDA:322,0,0,0
BRDA:322,0,1,0
BRDA:322,1,0,0
BRDA:322,1,1,0
BRDA:140,2,0,90
BRDA:140,2,1,150
BRDA:103,3,0,760
BRDA:103,3,1,0
BRDA:176,4,0,0
BRDA:176,4,1,234
BRDA:183,5,0,0
BRDA:183,5,1,0
BRDA:185,6,0,0
BRDA:185,6,1,0
BRDA:185,7,0,0
BRDA:185,7,1,0
BRDA:191,8,0,0
BRDA:191,8,1,0
BRDA:196,9,0,0
BRDA:196,9,1,0
BRDA:207,10,0,0
BRDA:207,10,1,0
BRDA:213,11,0,0
BRDA:213,11,1,0
BRDA:213,12,0,0
BRDA:213,12,1,0
BRDA:213,12,2,0
BRDA:226,13,0,0
BRDA:226,13,1,0
BRF:29
BRH:4
end_of_record
TN:
SF:projects/wvr-elements/src/lib/shared/wvr-shared.module.ts
FNF:0
FNH:0
DA:33,1
DA:59,1
DA:64,1
DA:89,1
LF:4
LH:4
BRF:0
BRH:0
end_of_record
TN:
SF:projects/wvr-elements/src/lib/shared/animation/wvr-animation-defaults.ts
FNF:0
FNH:0
DA:2,1
LF:1
LH:1
BRF:0
BRH:0
end_of_record
TN:
SF:projects/wvr-elements/src/lib/shared/config/app-config.ts
FNF:0
FNH:0
DA:18,1
LF:1
LH:1
BRF:0
BRH:0
end_of_record
TN:
SF:projects/wvr-elements/src/lib/shared/config/index.ts
FNF:0
FNH:0
LF:0
LH:0
BRF:0
BRH:0
end_of_record
TN:
SF:projects/wvr-elements/src/lib/shared/config/test-app-config.ts
FNF:0
FNH:0
DA:4,1
LF:1
LH:1
BRF:0
BRH:0
end_of_record
TN:
SF:projects/wvr-elements/src/lib/shared/directives/wvr-content-projection.directive.ts
FN:14,(anonymous_0)
FN:18,(anonymous_1)
FNF:2
FNH:2
FNDA:251,(anonymous_0)
FNDA:251,(anonymous_1)
DA:7,1
DA:14,251
DA:19,251
LF:3
LH:3
BRF:0
BRH:0
end_of_record
TN:
SF:projects/wvr-elements/src/lib/shared/pipes/default.pipe.ts
FN:9,(anonymous_0)
FNF:1
FNH:1
FNDA:1,(anonymous_0)
DA:7,1
DA:10,1
LF:2
LH:2
BRDA:10,0,0,0
BRDA:10,0,1,1
BRF:2
BRH:1
end_of_record
TN:
SF:projects/wvr-elements/src/lib/shared/utility/index.ts
FNF:0
FNH:0
LF:0
LH:0
BRF:0
BRH:0
end_of_record
TN:
SF:projects/wvr-elements/src/lib/shared/utility/projection.utility.ts
FN:3,(anonymous_0)
FN:8,(anonymous_1)
FN:13,(anonymous_2)
FN:17,(anonymous_3)
FN:23,(anonymous_4)
FN:35,(anonymous_5)
FN:40,(anonymous_6)
FN:41,(anonymous_7)
FNF:8
FNH:6
FNDA:166,(anonymous_0)
FNDA:251,(anonymous_1)
FNDA:417,(anonymous_2)
FNDA:75,(anonymous_3)
FNDA:155,(anonymous_4)
FNDA:16,(anonymous_5)
FNDA:0,(anonymous_6)
FNDA:0,(anonymous_7)
DA:3,1
DA:4,166
DA:5,166
DA:8,1
DA:9,251
DA:10,251
DA:13,1
DA:14,417
DA:15,417
DA:16,417
DA:17,75
DA:18,75
DA:22,75
DA:24,155
DA:30,342
DA:35,1
DA:36,16
DA:37,16
DA:38,16
DA:39,0
DA:40,0
DA:42,0
LF:22
LH:19
BRDA:15,0,0,417
BRDA:15,0,1,0
BRDA:16,1,0,75
BRDA:16,1,1,342
BRDA:19,2,0,0
BRDA:19,2,1,75
BRDA:18,3,0,75
BRDA:18,3,1,38
BRDA:38,4,0,0
BRDA:38,4,1,16
BRDA:38,5,0,16
BRDA:38,5,1,16
BRF:12
BRH:9
end_of_record
TN:
SF:projects/wvr-elements/src/lib/shared/utility/timing.utility.ts
FN:1,(anonymous_0)
FN:3,(anonymous_1)
FN:11,(anonymous_2)
FNF:3
FNH:2
FNDA:18,(anonymous_0)
FNDA:18,(anonymous_1)
FNDA:0,(anonymous_2)
DA:1,1
DA:2,18
DA:3,18
DA:4,18
DA:5,18
DA:6,18
DA:7,18
DA:11,18
DA:12,0
LF:9
LH:8
BRDA:1,0,0,18
BRDA:5,1,0,18
BRDA:5,1,1,0
BRF:3
BRH:2
end_of_record
TN:
SF:projects/wvr-elements/src/lib/wvr-alert/wvr-alert.component.ts
FN:29,(anonymous_0)
FN:37,(anonymous_1)
FN:43,(anonymous_2)
FN:46,(anonymous_3)
FNF:4
FNH:4
FNDA:8,(anonymous_0)
FNDA:1,(anonymous_1)
FNDA:8,(anonymous_2)
FNDA:4,(anonymous_3)
DA:13,1
DA:16,8
DA:19,8
DA:22,8
DA:25,8
DA:27,8
DA:30,8
DA:38,1
DA:39,1
DA:44,8
DA:45,8
DA:46,4
DA:47,4
LF:13
LH:13
BRDA:45,0,0,4
BRDA:45,0,1,4
BRF:2
BRH:2
end_of_record
TN:
SF:projects/wvr-elements/src/lib/wvr-button/wvr-button.component.ts
FN:144,(anonymous_0)
FN:33,(anonymous_1)
FN:38,(anonymous_2)
FN:43,(anonymous_3)
FN:48,(anonymous_4)
FN:53,(anonymous_5)
FN:58,(anonymous_6)
FN:63,(anonymous_7)
FN:68,(anonymous_8)
FN:73,(anonymous_9)
FN:78,(anonymous_10)
FN:83,(anonymous_11)
FN:115,(anonymous_12)
FN:120,(anonymous_13)
FN:125,(anonymous_14)
FN:127,(anonymous_15)
FN:150,(anonymous_16)
FN:154,(anonymous_17)
FN:156,(anonymous_18)
FN:181,(anonymous_19)
FNF:20
FNH:18
FNDA:76,(anonymous_0)
FNDA:50,(anonymous_1)
FNDA:50,(anonymous_2)
FNDA:50,(anonymous_3)
FNDA:50,(anonymous_4)
FNDA:50,(anonymous_5)
FNDA:50,(anonymous_6)
FNDA:50,(anonymous_7)
FNDA:50,(anonymous_8)
FNDA:50,(anonymous_9)
FNDA:50,(anonymous_10)
FNDA:50,(anonymous_11)
FNDA:8,(anonymous_12)
FNDA:4,(anonymous_13)
FNDA:1,(anonymous_14)
FNDA:1,(anonymous_15)
FNDA:76,(anonymous_16)
FNDA:0,(anonymous_17)
FNDA:0,(anonymous_18)
FNDA:9,(anonymous_19)
DA:14,1
DA:16,76
DA:19,76
DA:25,76
DA:30,76
DA:34,50
DA:39,50
DA:44,50
DA:49,50
DA:54,50
DA:59,50
DA:64,50
DA:69,50
DA:74,50
DA:79,50
DA:84,50
DA:116,8
DA:121,4
DA:126,1
DA:127,1
DA:128,1
DA:140,76
DA:145,76
DA:146,76
DA:151,76
DA:155,0
DA:156,0
DA:157,0
DA:161,0
DA:162,0
DA:169,0
DA:170,0
DA:182,9
DA:183,9
DA:184,0
DA:186,0
DA:189,9
DA:191,9
DA:192,1
DA:194,1
DA:197,8
DA:198,2
DA:200,2
DA:202,2
DA:205,6
LF:45
LH:36
BRDA:155,0,0,0
BRDA:155,0,1,0
BRDA:161,1,0,0
BRDA:161,1,1,0
BRDA:163,2,0,0
BRDA:163,2,1,0
BRDA:169,3,0,0
BRDA:169,3,1,0
BRDA:183,4,0,0
BRDA:183,4,1,9
BRDA:191,5,0,1
BRDA:191,5,1,8
BRDA:197,6,0,2
BRDA:197,6,1,6
BRDA:197,7,0,8
BRDA:197,7,1,8
BRF:16
BRH:7
end_of_record
TN:
SF:projects/wvr-elements/src/lib/wvr-card/wvr-card.component.ts
FN:53,(anonymous_0)
FN:38,(anonymous_1)
FN:42,(anonymous_2)
FN:46,(anonymous_3)
FN:62,(anonymous_4)
FN:70,(anonymous_5)
FN:80,(anonymous_6)
FN:90,(anonymous_7)
FN:96,(anonymous_8)
FN:106,(anonymous_9)
FNF:10
FNH:7
FNDA:22,(anonymous_0)
FNDA:0,(anonymous_1)
FNDA:78,(anonymous_2)
FNDA:78,(anonymous_3)
FNDA:22,(anonymous_4)
FNDA:0,(anonymous_5)
FNDA:0,(anonymous_6)
FNDA:3,(anonymous_7)
FNDA:56,(anonymous_8)
FNDA:56,(anonymous_9)
DA:14,1
DA:17,22
DA:20,22
DA:39,0
DA:43,78
DA:47,78
DA:54,22
DA:55,22
DA:56,22
DA:63,22
DA:64,22
DA:71,0
DA:72,0
DA:74,0
DA:81,0
DA:82,0
DA:84,0
DA:91,3
DA:92,2
DA:97,56
DA:98,56
DA:101,56
DA:103,56
DA:107,56
DA:108,56
DA:111,56
DA:113,56
LF:27
LH:20
BRDA:43,0,0,0
BRDA:43,0,1,78
BRDA:47,1,0,24
BRDA:47,1,1,54
BRDA:64,2,0,0
BRDA:64,2,1,22
BRDA:91,3,0,2
BRDA:91,3,1,1
BRDA:92,4,0,1
BRDA:92,4,1,1
BRDA:99,5,0,32
BRDA:99,5,1,24
BRDA:98,6,0,56
BRDA:98,6,1,24
BRDA:98,6,2,24
BRDA:101,7,0,24
BRDA:101,7,1,32
BRDA:109,8,0,32
BRDA:109,8,1,24
BRDA:108,9,0,56
BRDA:108,9,1,24
BRDA:108,9,2,24
BRDA:111,10,0,24
BRDA:111,10,1,32
BRDA:111,11,0,56
BRDA:111,11,1,32
BRF:26
BRH:24
end_of_record
TN:
SF:projects/wvr-elements/src/lib/wvr-dropdown/wvr-dropdown.component.ts
FN:230,(anonymous_0)
FN:34,(anonymous_1)
FN:159,(anonymous_2)
FN:163,(anonymous_3)
FN:172,(anonymous_4)
FN:176,(anonymous_5)
FN:185,(anonymous_6)
FN:189,(anonymous_7)
FN:197,(anonymous_8)
FN:201,(anonymous_9)
FN:236,(anonymous_10)
FN:242,(anonymous_11)
FN:249,(anonymous_12)
FN:268,(anonymous_13)
FN:281,(anonymous_14)
FN:292,(anonymous_15)
FN:310,(anonymous_16)
FN:335,(anonymous_17)
FN:398,(anonymous_18)
FN:407,(anonymous_19)
FN:447,(anonymous_20)
FN:452,(anonymous_21)
FN:472,(anonymous_22)
FNF:23
FNH:17
FNDA:26,(anonymous_0)
FNDA:1,(anonymous_1)
FNDA:13,(anonymous_2)
FNDA:61,(anonymous_3)
FNDA:13,(anonymous_4)
FNDA:60,(anonymous_5)
FNDA:13,(anonymous_6)
FNDA:61,(anonymous_7)
FNDA:13,(anonymous_8)
FNDA:60,(anonymous_9)
FNDA:26,(anonymous_10)
FNDA:1,(anonymous_11)
FNDA:0,(anonymous_12)
FNDA:0,(anonymous_13)
FNDA:1,(anonymous_14)
FNDA:1,(anonymous_15)
FNDA:0,(anonymous_16)
FNDA:0,(anonymous_17)
FNDA:0,(anonymous_18)
FNDA:0,(anonymous_19)
FNDA:1,(anonymous_20)
FNDA:1,(anonymous_21)
FNDA:1,(anonymous_22)
DA:16,1
DA:29,26
DA:35,1
DA:102,26
DA:105,26
DA:108,26
DA:154,26
DA:160,13
DA:164,61
DA:173,13
DA:177,60
DA:186,13
DA:190,61
DA:198,13
DA:202,60
DA:207,26
DA:213,26
DA:219,26
DA:226,26
DA:228,26
DA:231,26
DA:232,26
DA:237,26
DA:238,26
DA:243,1
DA:250,0
DA:251,0
DA:252,0
DA:253,0
DA:255,0
DA:258,0
DA:269,0
DA:270,0
DA:271,0
DA:282,1
DA:283,1
DA:293,1
DA:294,1
DA:311,0
DA:312,0
DA:313,0
DA:314,0
DA:315,0
DA:316,0
DA:317,0
DA:319,0
DA:320,0
DA:322,0
DA:326,0
DA:336,0
DA:338,0
DA:339,0
DA:340,0
DA:342,0
DA:343,0
DA:345,0
DA:346,0
DA:348,0
DA:352,0
DA:353,0
DA:355,0
DA:358,0
DA:359,0
DA:361,0
DA:362,0
DA:364,0
DA:368,0
DA:369,0
DA:371,0
DA:372,0
DA:374,0
DA:375,0
DA:377,0
DA:378,0
DA:380,0
DA:381,0
DA:382,0
DA:386,0
DA:388,0
DA:389,0
DA:391,0
DA:399,0
DA:401,0
DA:402,0
DA:408,0
DA:409,0
DA:411,0
DA:414,0
DA:415,0
DA:416,0
DA:417,0
DA:421,0
DA:422,0
DA:423,0
DA:427,0
DA:428,0
DA:429,0
DA:434,0
DA:435,0
DA:437,0
DA:448,1
DA:449,1
DA:450,1
DA:452,1
DA:453,1
DA:454,1
DA:455,1
DA:456,1
DA:459,1
DA:462,1
DA:473,1
DA:474,0
DA:475,1
DA:476,0
DA:478,0
DA:479,0
DA:480,0
LF:117
LH:41
BRDA:165,0,0,26
BRDA:165,0,1,35
BRDA:178,1,0,26
BRDA:178,1,1,34
BRDA:191,2,0,26
BRDA:191,2,1,35
BRDA:203,3,0,26
BRDA:203,3,1,34
BRDA:243,4,0,0
BRDA:243,4,1,1
BRDA:250,5,0,0
BRDA:250,5,1,0
BRDA:251,6,0,0
BRDA:251,6,1,0
BRDA:269,7,0,0
BRDA:269,7,1,0
BRDA:270,8,0,0
BRDA:270,8,1,0
BRDA:282,9,0,1
BRDA:282,9,1,0
BRDA:293,10,0,1
BRDA:293,10,1,0
BRDA:311,11,0,0
BRDA:311,11,1,0
BRDA:313,12,0,0
BRDA:313,12,1,0
BRDA:313,13,0,0
BRDA:313,13,1,0
BRDA:313,13,2,0
BRDA:314,14,0,0
BRDA:314,14,1,0
BRDA:315,15,0,0
BRDA:315,15,1,0
BRDA:319,16,0,0
BRDA:319,16,1,0
BRDA:338,17,0,0
BRDA:338,17,1,0
BRDA:339,18,0,0
BRDA:339,18,1,0
BRDA:345,19,0,0
BRDA:345,19,1,0
BRDA:345,20,0,0
BRDA:345,20,1,0
BRDA:352,21,0,0
BRDA:352,21,1,0
BRDA:355,22,0,0
BRDA:355,22,1,0
BRDA:355,23,0,0
BRDA:355,23,1,0
BRDA:361,24,0,0
BRDA:361,24,1,0
BRDA:368,25,0,0
BRDA:368,25,1,0
BRDA:368,26,0,0
BRDA:368,26,1,0
BRDA:371,27,0,0
BRDA:371,27,1,0
BRDA:377,28,0,0
BRDA:377,28,1,0
BRDA:381,29,0,0
BRDA:381,29,1,0
BRDA:388,30,0,0
BRDA:388,30,1,0
BRDA:389,31,0,0
BRDA:389,31,1,0
BRDA:401,32,0,0
BRDA:401,32,1,0
BRDA:408,33,0,0
BRDA:408,33,1,0
BRDA:408,34,0,0
BRDA:408,34,1,0
BRDA:408,34,2,0
BRDA:408,34,3,0
BRDA:408,34,4,0
BRDA:411,35,0,0
BRDA:411,35,1,0
BRDA:414,36,0,0
BRDA:414,36,1,0
BRDA:416,37,0,0
BRDA:416,37,1,0
BRDA:421,38,0,0
BRDA:421,38,1,0
BRDA:428,39,0,0
BRDA:428,39,1,0
BRDA:434,40,0,0
BRDA:434,40,1,0
BRDA:448,41,0,1
BRDA:448,41,1,0
BRDA:448,42,0,1
BRDA:448,42,1,1
BRDA:453,43,0,1
BRDA:453,43,1,0
BRDA:454,44,0,1
BRDA:454,44,1,0
BRDA:454,45,0,1
BRDA:454,45,1,1
BRDA:473,46,0,0
BRDA:473,46,1,1
BRDA:475,47,0,0
BRDA:475,47,1,1
BRDA:478,48,0,0
BRDA:478,48,1,0
BRF:102
BRH:20
end_of_record
TN:
SF:projects/wvr-elements/src/lib/wvr-footer/wvr-footer.component.ts
FN:31,(anonymous_0)
FN:16,(anonymous_1)
FN:37,(anonymous_2)
FNF:3
FNH:3
FNDA:2,(anonymous_0)
FNDA:6,(anonymous_1)
FNDA:2,(anonymous_2)
DA:14,1
DA:17,6
DA:26,2
DA:32,2
DA:33,2
DA:38,2
LF:6
LH:6
BRDA:17,0,0,6
BRDA:17,0,1,0
BRF:2
BRH:1
end_of_record
TN:
SF:projects/wvr-elements/src/lib/wvr-header/wvr-header.component.ts
FN:92,(anonymous_0)
FN:36,(anonymous_1)
FN:42,(anonymous_2)
FN:48,(anonymous_3)
FN:79,(anonymous_4)
FN:96,(anonymous_5)
FN:97,(anonymous_6)
FN:99,(anonymous_7)
FN:105,(anonymous_8)
FN:114,(anonymous_9)
FN:118,(anonymous_10)
FN:123,(anonymous_11)
FNF:12
FNH:11
FNDA:16,(anonymous_0)
FNDA:72,(anonymous_1)
FNDA:72,(anonymous_2)
FNDA:72,(anonymous_3)
FNDA:44,(anonymous_4)
FNDA:16,(anonymous_5)
FNDA:16,(anonymous_6)
FNDA:0,(anonymous_7)
FNDA:16,(anonymous_8)
FNDA:22,(anonymous_9)
FNDA:1,(anonymous_10)
FNDA:22,(anonymous_11)
DA:15,1
DA:18,16
DA:21,16
DA:27,16
DA:30,16
DA:32,16
DA:37,72
DA:43,72
DA:49,72
DA:80,44
DA:83,16
DA:85,16
DA:87,16
DA:93,16
DA:97,16
DA:98,16
DA:99,0
DA:100,0
DA:101,0
DA:102,0
DA:105,16
DA:106,16
DA:107,16
DA:108,16
DA:115,22
DA:119,1
DA:124,22
DA:125,22
LF:28
LH:24
BRDA:37,0,0,0
BRDA:37,0,1,72
BRDA:43,1,0,0
BRDA:43,1,1,72
BRDA:49,2,0,0
BRDA:49,2,1,72
BRDA:98,3,0,0
BRDA:98,3,1,16
BRDA:125,4,0,22
BRDA:125,4,1,21
BRDA:125,4,2,20
BRF:11
BRH:7
end_of_record
TN:
SF:projects/wvr-elements/src/lib/wvr-icon/wvr-icon.component.ts
FN:33,(anonymous_0)
FN:37,(anonymous_1)
FN:42,(anonymous_2)
FNF:3
FNH:2
FNDA:4,(anonymous_0)
FNDA:4,(anonymous_1)
FNDA:0,(anonymous_2)
DA:17,1
DA:29,4
DA:33,4
DA:34,4
DA:38,4
DA:39,4
DA:40,4
DA:42,0
LF:8
LH:7
BRF:0
BRH:0
end_of_record
TN:
SF:projects/wvr-elements/src/lib/wvr-it-works/wvr-it-works.component.ts
FN:32,(anonymous_0)
FNF:1
FNH:1
FNDA:15,(anonymous_0)
DA:14,1
DA:17,15
DA:20,15
DA:23,15
DA:28,15
DA:30,15
DA:33,15
LF:7
LH:7
BRF:0
BRH:0
end_of_record
TN:
SF:projects/wvr-elements/src/lib/wvr-list/wvr-list.component.ts
FN:23,(anonymous_0)
FN:19,(anonymous_1)
FN:27,(anonymous_2)
FN:39,(anonymous_3)
FN:44,(anonymous_4)
FNF:5
FNH:4
FNDA:1,(anonymous_0)
FNDA:0,(anonymous_1)
FNDA:1,(anonymous_2)
FNDA:1,(anonymous_3)
FNDA:1,(anonymous_4)
DA:14,1
DA:17,1
DA:19,1
DA:20,0
DA:24,1
DA:28,1
DA:29,1
DA:30,1
DA:31,0
DA:40,1
DA:41,1
DA:45,1
LF:12
LH:10
BRDA:30,0,0,0
BRDA:30,0,1,1
BRF:2
BRH:1
end_of_record
TN:
SF:projects/wvr-elements/src/lib/wvr-list/wvr-list-item/wvr-list-item.component.ts
FN:39,(anonymous_0)
FN:44,(anonymous_1)
FN:51,(anonymous_2)
FNF:3
FNH:3
FNDA:1,(anonymous_0)
FNDA:1,(anonymous_1)
FNDA:1,(anonymous_2)
DA:14,1
DA:35,1
DA:37,1
DA:40,1
DA:45,1
DA:46,1
DA:47,1
DA:48,1
DA:53,1
DA:56,1
DA:57,8
DA:60,1
LF:12
LH:12
BRDA:48,0,0,0
BRDA:48,0,1,1
BRDA:48,1,0,0
BRDA:48,1,1,1
BRF:4
BRH:2
end_of_record
TN:
SF:projects/wvr-elements/src/lib/wvr-manifest/mapping-strategies.ts
FN:4,(anonymous_0)
FN:8,(anonymous_1)
FN:12,(anonymous_2)
FNF:3
FNH:0
FNDA:0,(anonymous_0)
FNDA:0,(anonymous_1)
FNDA:0,(anonymous_2)
DA:3,1
DA:4,0
DA:7,1
DA:8,0
DA:11,1
DA:12,0
LF:6
LH:3
BRF:0
BRH:0
end_of_record
TN:
SF:projects/wvr-elements/src/lib/wvr-manifest/wvr-manifest.component.ts
FN:43,(anonymous_0)
FN:47,(anonymous_1)
FN:49,(anonymous_2)
FN:57,(anonymous_3)
FN:63,(anonymous_4)
FNF:5
FNH:5
FNDA:5,(anonymous_0)
FNDA:9,(anonymous_1)
FNDA:9,(anonymous_2)
FNDA:9,(anonymous_3)
FNDA:19,(anonymous_4)
DA:21,1
DA:40,5
DA:44,5
DA:48,9
DA:49,9
DA:50,9
DA:59,9
DA:63,9
DA:64,19
DA:68,19
DA:79,9
DA:87,9
LF:12
LH:12
BRDA:60,0,0,0
BRDA:60,0,1,9
BRDA:65,1,0,0
BRDA:65,1,1,19
BRDA:70,2,0,16
BRDA:70,2,1,3
BRDA:74,3,0,0
BRDA:74,3,1,19
BRF:8
BRH:5
end_of_record
TN:
SF:projects/wvr-elements/src/lib/wvr-manifest/wvr-manifest-entry/wvr-manifest-entry.component.ts
FN:27,(anonymous_0)
FN:34,(anonymous_1)
FNF:2
FNH:2
FNDA:11,(anonymous_0)
FNDA:8,(anonymous_1)
DA:11,1
DA:28,11
DA:29,11
DA:35,8
DA:36,8
DA:37,8
DA:38,8
DA:40,0
LF:8
LH:7
BRDA:36,0,0,8
BRDA:36,0,1,0
BRF:2
BRH:1
end_of_record
TN:
SF:projects/wvr-elements/src/lib/wvr-message-manifest/wvr-message-manifest.component.ts
FN:45,(anonymous_0)
FN:49,(anonymous_1)
FN:52,(anonymous_2)
FN:60,(anonymous_3)
FN:63,(anonymous_4)
FNF:5
FNH:5
FNDA:5,(anonymous_0)
FNDA:9,(anonymous_1)
FNDA:9,(anonymous_2)
FNDA:9,(anonymous_3)
FNDA:19,(anonymous_4)
DA:17,1
DA:42,5
DA:46,5
DA:50,9
DA:52,9
DA:53,9
DA:61,9
DA:63,19
DA:70,9
DA:82,9
LF:10
LH:10
BRDA:61,0,0,0
BRDA:61,0,1,9
BRDA:67,1,0,0
BRDA:67,1,1,19
BRDA:78,2,0,0
BRDA:78,2,1,9
BRDA:79,3,0,0
BRDA:79,3,1,9
BRF:8
BRH:4
end_of_record
TN:
SF:projects/wvr-elements/src/lib/wvr-message-manifest/wvr-message-manifest-entry/wvr-message-manifest-entry.component.ts
FN:34,(anonymous_0)
FN:41,(anonymous_1)
FNF:2
FNH:2
FNDA:11,(anonymous_0)
FNDA:8,(anonymous_1)
DA:11,1
DA:35,11
DA:36,11
DA:42,8
DA:43,8
DA:44,8
DA:45,8
DA:47,0
LF:8
LH:7
BRDA:43,0,0,8
BRDA:43,0,1,0
BRF:2
BRH:1
end_of_record
TN:
SF:projects/wvr-elements/src/lib/wvr-modal/wvr-modal.component.ts
FN:60,(anonymous_0)
FN:166,(anonymous_1)
FN:67,(anonymous_2)
FN:70,(anonymous_3)
FN:71,(anonymous_4)
FN:73,(anonymous_5)
FN:105,(anonymous_6)
FN:107,(anonymous_7)
FN:119,(anonymous_8)
FN:127,(anonymous_9)
FN:136,(anonymous_10)
FN:142,(anonymous_11)
FN:146,(anonymous_12)
FN:150,(anonymous_13)
FN:158,(anonymous_14)
FNF:15
FNH:5
FNDA:2,(anonymous_0)
FNDA:0,(anonymous_1)
FNDA:2,(anonymous_2)
FNDA:0,(anonymous_3)
FNDA:0,(anonymous_4)
FNDA:0,(anonymous_5)
FNDA:2,(anonymous_6)
FNDA:0,(anonymous_7)
FNDA:0,(anonymous_8)
FNDA:0,(anonymous_9)
FNDA:2,(anonymous_10)
FNDA:0,(anonymous_11)
FNDA:4,(anonymous_12)
FNDA:0,(anonymous_13)
FNDA:0,(anonymous_14)
DA:18,1
DA:25,2
DA:37,2
DA:46,2
DA:48,2
DA:50,2
DA:52,2
DA:54,2
DA:56,2
DA:62,2
DA:64,2
DA:68,2
DA:70,2
DA:71,0
DA:72,0
DA:73,0
DA:74,0
DA:80,2
DA:82,2
DA:90,2
DA:92,2
DA:94,2
DA:96,2
DA:103,2
DA:105,2
DA:108,0
DA:109,0
DA:110,0
DA:120,0
DA:122,0
DA:126,0
DA:127,0
DA:128,0
DA:130,0
DA:131,0
DA:137,2
DA:139,2
DA:143,0
DA:147,4
DA:151,0
DA:159,0
DA:166,2
LF:42
LH:25
BRDA:166,0,0,0
BRDA:166,0,1,0
BRDA:166,1,0,0
BRDA:166,1,1,0
BRDA:72,2,0,0
BRDA:72,2,1,0
BRDA:72,3,0,0
BRDA:72,3,1,0
BRDA:83,4,0,0
BRDA:83,4,1,2
BRDA:85,5,0,0
BRDA:85,5,1,2
BRDA:90,6,0,2
BRDA:90,6,1,0
BRDA:92,7,0,0
BRDA:92,7,1,2
BRDA:94,8,0,0
BRDA:94,8,1,2
BRDA:109,9,0,0
BRDA:109,9,1,0
BRDA:126,10,0,0
BRDA:126,10,1,0
BRDA:152,11,0,0
BRDA:152,11,1,0
BRDA:154,12,0,0
BRDA:154,12,1,0
BRDA:160,13,0,0
BRDA:160,13,1,0
BRDA:162,14,0,0
BRDA:162,14,1,0
BRF:30
BRH:5
end_of_record
TN:
SF:projects/wvr-elements/src/lib/wvr-nav-list/wvr-nav-list.component.ts
FN:28,(anonymous_0)
FN:24,(anonymous_1)
FN:32,(anonymous_2)
FN:44,(anonymous_3)
FN:49,(anonymous_4)
FNF:5
FNH:4
FNDA:3,(anonymous_0)
FNDA:0,(anonymous_1)
FNDA:3,(anonymous_2)
FNDA:3,(anonymous_3)
FNDA:3,(anonymous_4)
DA:16,1
DA:19,3
DA:22,3
DA:24,3
DA:25,0
DA:29,3
DA:33,3
DA:34,3
DA:35,3
DA:36,0
DA:45,3
DA:46,3
DA:50,3
LF:13
LH:11
BRDA:35,0,0,0
BRDA:35,0,1,3
BRF:2
BRH:1
end_of_record
TN:
SF:projects/wvr-elements/src/lib/wvr-nav-list/wvr-nav-li/wvr-nav-li.component.ts
FN:45,(anonymous_0)
FNF:1
FNH:1
FNDA:1,(anonymous_0)
DA:13,1
DA:46,1
LF:2
LH:2
BRF:0
BRH:0
end_of_record
TN:
SF:projects/wvr-elements/src/lib/wvr-tabs/wvr-tabs.component.ts
FN:20,(anonymous_0)
FN:65,(anonymous_1)
FN:74,(anonymous_2)
FN:24,(anonymous_3)
FN:32,(anonymous_4)
FN:51,(anonymous_5)
FN:54,(anonymous_6)
FN:67,(anonymous_7)
FNF:8
FNH:2
FNDA:2,(anonymous_0)
FNDA:0,(anonymous_1)
FNDA:0,(anonymous_2)
FNDA:2,(anonymous_3)
FNDA:0,(anonymous_4)
FNDA:0,(anonymous_5)
FNDA:0,(anonymous_6)
FNDA:0,(anonymous_7)
DA:14,1
DA:16,2
DA:21,2
DA:25,2
DA:27,2
DA:29,2
DA:30,2
DA:32,2
DA:33,0
DA:34,0
DA:35,0
DA:38,0
DA:39,0
DA:40,0
DA:44,2
DA:45,2
DA:46,0
DA:52,0
DA:55,0
DA:57,0
DA:58,0
DA:59,0
DA:62,0
DA:65,2
DA:68,0
DA:69,0
DA:71,0
DA:74,2
LF:28
LH:12
BRDA:33,0,0,0
BRDA:33,0,1,0
BRDA:38,1,0,0
BRDA:38,1,1,0
BRDA:44,2,0,2
BRDA:44,2,1,0
BRDA:45,3,0,0
BRDA:45,3,1,2
BRDA:58,4,0,0
BRDA:58,4,1,0
BRDA:68,5,0,0
BRDA:68,5,1,0
BRF:12
BRH:2
end_of_record
TN:
SF:projects/wvr-elements/src/lib/wvr-wysiwyg/wvr-wysiwyg.component.ts
FN:72,(anonymous_0)
FN:61,(anonymous_1)
FN:64,(anonymous_2)
FN:28,(anonymous_3)
FN:29,(anonymous_4)
FN:31,(anonymous_5)
FN:32,(anonymous_6)
FN:34,(anonymous_7)
FN:35,(anonymous_8)
FN:37,(anonymous_9)
FN:38,(anonymous_10)
FN:40,(anonymous_11)
FN:41,(anonymous_12)
FN:45,(anonymous_13)
FN:46,(anonymous_14)
FN:77,(anonymous_15)
FN:90,(anonymous_16)
FN:91,(anonymous_17)
FN:93,(anonymous_18)
FN:98,(anonymous_19)
FN:105,(anonymous_20)
FN:111,(anonymous_21)
FNF:22
FNH:13
FNDA:12,(anonymous_0)
FNDA:0,(anonymous_1)
FNDA:0,(anonymous_2)
FNDA:1,(anonymous_3)
FNDA:2,(anonymous_4)
FNDA:7,(anonymous_5)
FNDA:3,(anonymous_6)
FNDA:1,(anonymous_7)
FNDA:1,(anonymous_8)
FNDA:1,(anonymous_9)
FNDA:1,(anonymous_10)
FNDA:0,(anonymous_11)
FNDA:15,(anonymous_12)
FNDA:0,(anonymous_13)
FNDA:0,(anonymous_14)
FNDA:12,(anonymous_15)
FNDA:12,(anonymous_16)
FNDA:0,(anonymous_17)
FNDA:0,(anonymous_18)
FNDA:12,(anonymous_19)
FNDA:0,(anonymous_20)
FNDA:0,(anonymous_21)
DA:18,1
DA:26,12
DA:28,1
DA:29,2
DA:31,7
DA:32,3
DA:34,1
DA:35,1
DA:37,1
DA:38,1
DA:40,0
DA:41,15
DA:45,0
DA:46,0
DA:48,12
DA:62,0
DA:65,0
DA:70,12
DA:73,12
DA:74,12
DA:78,12
DA:79,12
DA:87,12
DA:90,12
DA:91,0
DA:94,0
DA:99,12
DA:100,12
DA:101,12
DA:106,0
DA:112,0
DA:116,0
DA:117,0
LF:33
LH:22
BRDA:100,0,0,12
BRDA:100,0,1,0
BRDA:116,1,0,0
BRDA:116,1,1,0
BRF:4
BRH:1
end_of_record
