TN:
SF:projects/wvr-elements/src/test.ts
FNF:0
FNH:0
DA:14,1
DA:17,1
DA:19,1
LF:3
LH:3
BRF:0
BRH:0
end_of_record
TN:
SF:projects/wvr-elements/src/lib/core/action-registry.service.ts
FN:14,(anonymous_0)
FN:18,(anonymous_1)
FN:22,(anonymous_2)
FNF:3
FNH:2
FNDA:24,(anonymous_0)
FNDA:6,(anonymous_1)
FNDA:0,(anonymous_2)
DA:10,1
DA:15,24
DA:19,6
DA:23,0
LF:4
LH:3
BRF:0
BRH:0
end_of_record
TN:
SF:projects/wvr-elements/src/lib/core/actions.ts
FNF:0
FNH:0
DA:7,1
LF:1
LH:1
BRF:0
BRH:0
end_of_record
TN:
SF:projects/wvr-elements/src/lib/core/component-registry.service.ts
FN:21,(anonymous_1)
FN:29,(anonymous_2)
FN:34,(anonymous_3)
FN:39,(anonymous_4)
FNF:4
FNH:4
FNDA:182,(anonymous_1)
FNDA:182,(anonymous_2)
FNDA:11,(anonymous_3)
FNDA:9,(anonymous_4)
DA:9,1
DA:12,105
DA:15,105
DA:18,1
DA:23,182
DA:25,182
DA:30,182
DA:35,11
DA:41,9
DA:42,9
DA:44,9
DA:45,0
DA:48,9
DA:50,9
LF:14
LH:13
BRDA:42,0,0,1
BRDA:42,0,1,8
BRDA:44,1,0,0
BRDA:44,1,1,9
BRF:4
BRH:3
end_of_record
TN:
SF:projects/wvr-elements/src/lib/core/handlebars-helpers.ts
FN:5,(anonymous_0)
FN:7,(anonymous_1)
FNF:2
FNH:1
FNDA:105,(anonymous_0)
FNDA:0,(anonymous_1)
DA:3,1
DA:5,1
DA:6,105
DA:7,1
DA:8,1
LF:5
LH:5
BRDA:5,0,0,0
BRDA:6,1,0,1
BRDA:6,1,1,104
BRF:3
BRH:2
end_of_record
TN:
SF:projects/wvr-elements/src/lib/core/mobile.service.ts
FN:19,(anonymous_0)
FN:32,(anonymous_1)
FN:24,(anonymous_2)
FNF:3
FNH:3
FNDA:79,(anonymous_0)
FNDA:146,(anonymous_1)
FNDA:67,(anonymous_2)
DA:11,1
DA:20,79
DA:24,79
DA:25,67
DA:28,79
DA:32,146
LF:6
LH:6
BRF:0
BRH:0
end_of_record
TN:
SF:projects/wvr-elements/src/lib/core/manifest/manifest.actions.ts
FNF:0
FNH:0
DA:6,1
DA:7,1
DA:8,1
DA:9,1
DA:10,1
DA:11,1
DA:12,1
DA:13,1
DA:14,1
DA:15,1
DA:16,1
DA:17,1
DA:18,1
DA:21,1
DA:23,1
DA:30,1
DA:39,1
DA:48,1
DA:55,1
LF:19
LH:19
BRF:0
BRH:0
end_of_record
TN:
SF:projects/wvr-elements/src/lib/core/manifest/manifest.reducers.ts
FN:13,selectManifestByName
FN:28,(anonymous_1)
FN:29,(anonymous_2)
FN:30,(anonymous_3)
FN:31,(anonymous_4)
FN:32,(anonymous_5)
FN:33,(anonymous_6)
FN:34,(anonymous_7)
FN:35,(anonymous_8)
FN:36,(anonymous_9)
FN:37,(anonymous_10)
FN:38,(anonymous_11)
FN:39,(anonymous_12)
FN:40,(anonymous_13)
FN:41,(anonymous_14)
FN:43,(anonymous_15)
FN:51,(anonymous_16)
FN:55,(anonymous_17)
FN:70,(anonymous_18)
FN:74,(anonymous_19)
FN:88,(anonymous_20)
FN:96,(anonymous_21)
FN:99,(anonymous_22)
FN:105,reducer
FN:129,(anonymous_24)
FN:131,(anonymous_25)
FNF:26
FNH:24
FNDA:27,selectManifestByName
FNDA:1,(anonymous_1)
FNDA:1,(anonymous_2)
FNDA:1,(anonymous_3)
FNDA:1,(anonymous_4)
FNDA:1,(anonymous_5)
FNDA:1,(anonymous_6)
FNDA:1,(anonymous_7)
FNDA:1,(anonymous_8)
FNDA:0,(anonymous_9)
FNDA:1,(anonymous_10)
FNDA:1,(anonymous_11)
FNDA:0,(anonymous_12)
FNDA:1,(anonymous_13)
FNDA:1,(anonymous_14)
FNDA:1,(anonymous_15)
FNDA:2,(anonymous_16)
FNDA:4,(anonymous_17)
FNDA:2,(anonymous_18)
FNDA:4,(anonymous_19)
FNDA:1,(anonymous_20)
FNDA:1,(anonymous_21)
FNDA:1,(anonymous_22)
FNDA:32,reducer
FNDA:1,(anonymous_24)
FNDA:1,(anonymous_25)
DA:14,27
DA:17,1
DA:21,1
DA:26,1
DA:28,1
DA:29,1
DA:30,1
DA:31,1
DA:32,1
DA:33,1
DA:34,1
DA:35,1
DA:36,0
DA:37,1
DA:38,1
DA:39,0
DA:40,1
DA:41,1
DA:44,1
DA:52,2
DA:56,4
DA:57,1
DA:61,3
DA:71,2
DA:75,4
DA:76,2
DA:79,2
DA:89,1
DA:97,1
DA:99,1
DA:106,32
DA:115,1
DA:118,1
DA:121,1
DA:124,1
DA:127,1
DA:129,1
DA:131,1
LF:38
LH:36
BRDA:56,0,0,1
BRDA:56,0,1,3
BRDA:75,1,0,2
BRDA:75,1,1,2
BRDA:99,2,0,1
BRDA:99,2,1,0
BRF:6
BRH:5
end_of_record
TN:
SF:projects/wvr-elements/src/lib/core/modal/modal.actions.ts
FNF:0
FNH:0
DA:6,1
DA:7,1
DA:8,1
LF:3
LH:3
BRF:0
BRH:0
end_of_record
TN:
SF:projects/wvr-elements/src/lib/core/modal/modal.reducers.ts
FN:8,selectModalByName
FN:20,(anonymous_1)
FN:21,(anonymous_2)
FN:29,(anonymous_3)
FNF:4
FNH:4
FNDA:4,selectModalByName
FNDA:1,(anonymous_1)
FNDA:1,(anonymous_2)
FNDA:1,(anonymous_3)
DA:9,4
DA:12,1
DA:16,1
DA:18,1
DA:20,1
DA:21,1
DA:29,1
LF:7
LH:7
BRF:0
BRH:0
end_of_record
TN:
SF:projects/wvr-elements/src/lib/core/rest/rest.actions.ts
FNF:0
FNH:0
DA:11,1
DA:21,1
DA:26,1
DA:34,1
DA:43,1
DA:52,1
DA:61,1
DA:70,1
DA:79,1
DA:88,1
DA:97,1
LF:11
LH:11
BRF:0
BRH:0
end_of_record
TN:
SF:projects/wvr-elements/src/lib/core/rest/rest.reducers.ts
FN:17,(anonymous_0)
FN:23,(anonymous_1)
FN:27,(anonymous_2)
FN:33,(anonymous_3)
FN:35,(anonymous_4)
FNF:5
FNH:2
FNDA:1,(anonymous_0)
FNDA:1,(anonymous_1)
FNDA:0,(anonymous_2)
FNDA:0,(anonymous_3)
FNDA:0,(anonymous_4)
DA:10,1
DA:15,1
DA:17,1
DA:23,1
DA:27,0
DA:33,1
DA:35,1
LF:7
LH:6
BRF:0
BRH:0
end_of_record
TN:
SF:projects/wvr-elements/src/lib/core/theme/theme.actions.ts
FNF:0
FNH:0
DA:4,1
DA:9,1
LF:2
LH:2
BRF:0
BRH:0
end_of_record
TN:
SF:projects/wvr-elements/src/lib/core/theme/theme.reducers.ts
FN:10,(anonymous_0)
FN:27,(anonymous_1)
FN:39,(anonymous_2)
FNF:3
FNH:3
FNDA:2,(anonymous_0)
FNDA:1,(anonymous_1)
FNDA:1,(anonymous_2)
DA:7,1
DA:8,1
DA:10,2
DA:17,1
DA:25,1
DA:28,1
DA:29,1
DA:34,1
DA:39,1
LF:9
LH:9
BRF:0
BRH:0
end_of_record
TN:
SF:projects/wvr-elements/src/lib/core/wysiwyg/wysiwyg.actions.ts
FNF:0
FNH:0
DA:4,1
DA:9,1
DA:14,1
LF:3
LH:3
BRF:0
BRH:0
end_of_record
TN:
SF:projects/wvr-elements/src/lib/core/wysiwyg/wysiwyg.reducers.ts
FN:9,selectWysiwygById
FN:21,(anonymous_1)
FN:22,(anonymous_2)
FN:30,(anonymous_3)
FNF:4
FNH:3
FNDA:4,selectWysiwygById
FNDA:1,(anonymous_1)
FNDA:2,(anonymous_2)
FNDA:0,(anonymous_3)
DA:10,4
DA:13,1
DA:17,1
DA:19,1
DA:21,1
DA:22,2
DA:30,0
LF:7
LH:6
BRF:0
BRH:0
end_of_record
TN:
SF:projects/wvr-elements/src/lib/shared/alignment.enum.ts
FN:4,(anonymous_0)
FNF:1
FNH:1
FNDA:1,(anonymous_0)
DA:4,1
DA:5,1
LF:2
LH:2
BRDA:4,0,0,1
BRDA:4,0,1,1
BRF:2
BRH:2
end_of_record
TN:
SF:projects/wvr-elements/src/lib/shared/wvr-base.component.ts
FN:125,(anonymous_0)
FN:47,(anonymous_1)
FN:65,(anonymous_2)
FN:73,(anonymous_3)
FN:90,(anonymous_4)
FN:95,(anonymous_5)
FN:115,(anonymous_6)
FN:144,(anonymous_7)
FN:153,(anonymous_8)
FN:158,(anonymous_9)
FN:163,(anonymous_10)
FN:184,(anonymous_11)
FN:188,(anonymous_12)
FNF:13
FNH:11
FNDA:182,(anonymous_0)
FNDA:0,(anonymous_1)
FNDA:6,(anonymous_2)
FNDA:3,(anonymous_3)
FNDA:182,(anonymous_4)
FNDA:1,(anonymous_5)
FNDA:596,(anonymous_6)
FNDA:167,(anonymous_7)
FNDA:167,(anonymous_8)
FNDA:181,(anonymous_9)
FNDA:278,(anonymous_10)
FNDA:167,(anonymous_11)
FNDA:0,(anonymous_12)
DA:22,1
DA:39,182
DA:44,182
DA:48,0
DA:55,182
DA:59,182
DA:62,182
DA:66,6
DA:70,182
DA:74,3
DA:91,182
DA:96,1
DA:99,1
DA:116,596
DA:120,182
DA:123,182
DA:126,182
DA:127,182
DA:129,182
DA:130,182
DA:131,182
DA:133,182
DA:134,182
DA:135,182
DA:136,182
DA:138,182
DA:139,182
DA:140,182
DA:145,167
DA:146,167
DA:147,167
DA:148,167
DA:154,167
DA:159,181
DA:160,181
DA:164,278
DA:165,278
DA:185,167
DA:189,0
LF:39
LH:37
BRDA:139,0,0,112
BRDA:139,0,1,70
BRDA:96,1,0,1
BRDA:96,1,1,0
BRDA:96,1,2,0
BRDA:99,2,0,1
BRDA:99,2,1,1
BRDA:116,3,0,596
BRDA:116,3,1,0
BRF:9
BRH:6
end_of_record
TN:
SF:projects/wvr-elements/src/lib/shared/animation/wvr-animation-defaults.ts
FNF:0
FNH:0
DA:2,1
LF:1
LH:1
BRF:0
BRH:0
end_of_record
TN:
SF:projects/wvr-elements/src/lib/shared/config/app-config.ts
FNF:0
FNH:0
DA:18,1
LF:1
LH:1
BRF:0
BRH:0
end_of_record
TN:
SF:projects/wvr-elements/src/lib/shared/config/index.ts
FNF:0
FNH:0
LF:0
LH:0
BRF:0
BRH:0
end_of_record
TN:
SF:projects/wvr-elements/src/lib/shared/config/test-app-config.ts
FNF:0
FNH:0
DA:4,1
LF:1
LH:1
BRF:0
BRH:0
end_of_record
TN:
SF:projects/wvr-elements/src/lib/shared/pipes/default.pipe.ts
FN:8,(anonymous_0)
FNF:1
FNH:1
FNDA:1,(anonymous_0)
DA:6,1
DA:9,1
LF:2
LH:2
BRDA:9,0,0,0
BRDA:9,0,1,1
BRF:2
BRH:1
end_of_record
TN:
SF:projects/wvr-elements/src/lib/shared/utility/index.ts
FNF:0
FNH:0
LF:0
LH:0
BRF:0
BRH:0
end_of_record
TN:
SF:projects/wvr-elements/src/lib/shared/utility/timing.utility.ts
FN:1,(anonymous_0)
FN:3,(anonymous_1)
FN:11,(anonymous_2)
FNF:3
FNH:2
FNDA:13,(anonymous_0)
FNDA:13,(anonymous_1)
FNDA:0,(anonymous_2)
DA:1,1
DA:2,13
DA:3,13
DA:4,13
DA:5,13
DA:6,13
DA:7,13
DA:11,13
DA:12,0
LF:9
LH:8
BRDA:1,0,0,13
BRDA:5,1,0,13
BRDA:5,1,1,0
BRF:3
BRH:2
end_of_record
TN:
SF:projects/wvr-elements/src/lib/wvr-alert/wvr-alert.component.ts
FN:28,(anonymous_0)
FN:36,(anonymous_1)
FN:42,(anonymous_2)
FN:45,(anonymous_3)
FNF:4
FNH:4
FNDA:8,(anonymous_0)
FNDA:1,(anonymous_1)
FNDA:8,(anonymous_2)
FNDA:4,(anonymous_3)
DA:12,1
DA:15,8
DA:18,8
DA:21,8
DA:24,8
DA:26,8
DA:29,8
DA:37,1
DA:38,1
DA:43,8
DA:44,8
DA:45,4
DA:46,4
LF:13
LH:13
BRDA:44,0,0,4
BRDA:44,0,1,4
BRF:2
BRH:2
end_of_record
TN:
SF:projects/wvr-elements/src/lib/wvr-button/wvr-button.component.ts
FN:143,(anonymous_0)
FN:32,(anonymous_1)
FN:37,(anonymous_2)
FN:42,(anonymous_3)
FN:47,(anonymous_4)
FN:52,(anonymous_5)
FN:57,(anonymous_6)
FN:62,(anonymous_7)
FN:67,(anonymous_8)
FN:72,(anonymous_9)
FN:77,(anonymous_10)
FN:82,(anonymous_11)
FN:114,(anonymous_12)
FN:119,(anonymous_13)
FN:124,(anonymous_14)
FN:126,(anonymous_15)
FN:148,(anonymous_16)
FN:150,(anonymous_17)
FN:175,(anonymous_18)
FNF:19
FNH:17
FNDA:48,(anonymous_0)
FNDA:24,(anonymous_1)
FNDA:24,(anonymous_2)
FNDA:24,(anonymous_3)
FNDA:24,(anonymous_4)
FNDA:24,(anonymous_5)
FNDA:24,(anonymous_6)
FNDA:24,(anonymous_7)
FNDA:24,(anonymous_8)
FNDA:24,(anonymous_9)
FNDA:24,(anonymous_10)
FNDA:24,(anonymous_11)
FNDA:6,(anonymous_12)
FNDA:2,(anonymous_13)
FNDA:1,(anonymous_14)
FNDA:1,(anonymous_15)
FNDA:0,(anonymous_16)
FNDA:0,(anonymous_17)
FNDA:7,(anonymous_18)
DA:13,1
DA:15,48
DA:18,48
DA:24,48
DA:29,48
DA:33,24
DA:38,24
DA:43,24
DA:48,24
DA:53,24
DA:58,24
DA:63,24
DA:68,24
DA:73,24
DA:78,24
DA:83,24
DA:115,6
DA:120,2
DA:125,1
DA:126,1
DA:127,1
DA:139,48
DA:144,48
DA:145,48
DA:149,0
DA:150,0
DA:151,0
DA:155,0
DA:156,0
DA:163,0
DA:164,0
DA:176,7
DA:177,7
DA:179,7
DA:180,7
DA:181,1
DA:183,1
DA:186,6
DA:188,6
DA:189,2
DA:191,2
DA:194,4
DA:195,0
DA:196,0
DA:197,0
DA:199,0
DA:202,0
DA:205,4
DA:206,0
DA:207,0
DA:208,0
DA:210,0
DA:213,0
DA:216,4
LF:54
LH:37
BRDA:149,0,0,0
BRDA:149,0,1,0
BRDA:155,1,0,0
BRDA:155,1,1,0
BRDA:157,2,0,0
BRDA:157,2,1,0
BRDA:163,3,0,0
BRDA:163,3,1,0
BRDA:180,4,0,1
BRDA:180,4,1,6
BRDA:188,5,0,2
BRDA:188,5,1,4
BRDA:188,6,0,6
BRDA:188,6,1,5
BRDA:188,6,2,5
BRDA:194,7,0,0
BRDA:194,7,1,4
BRDA:194,8,0,4
BRDA:194,8,1,4
BRDA:196,9,0,0
BRDA:196,9,1,0
BRDA:205,10,0,0
BRDA:205,10,1,4
BRDA:205,11,0,4
BRDA:205,11,1,4
BRDA:207,12,0,0
BRDA:207,12,1,0
BRF:27
BRH:13
end_of_record
TN:
SF:projects/wvr-elements/src/lib/wvr-card/wvr-card.component.ts
FN:74,(anonymous_0)
FN:58,(anonymous_1)
FN:62,(anonymous_2)
FN:81,(anonymous_3)
FN:82,(anonymous_4)
FN:93,(anonymous_5)
FN:103,(anonymous_6)
FN:114,(anonymous_7)
FN:122,(anonymous_8)
FN:129,(anonymous_9)
FN:140,(anonymous_10)
FN:149,(anonymous_11)
FN:159,(anonymous_12)
FN:161,(anonymous_13)
FN:170,(anonymous_14)
FN:182,(anonymous_15)
FNF:16
FNH:15
FNDA:4,(anonymous_0)
FNDA:12,(anonymous_1)
FNDA:12,(anonymous_2)
FNDA:4,(anonymous_3)
FNDA:4,(anonymous_4)
FNDA:8,(anonymous_5)
FNDA:8,(anonymous_6)
FNDA:4,(anonymous_7)
FNDA:0,(anonymous_8)
FNDA:4,(anonymous_9)
FNDA:4,(anonymous_10)
FNDA:4,(anonymous_11)
FNDA:4,(anonymous_12)
FNDA:4,(anonymous_13)
FNDA:4,(anonymous_14)
FNDA:4,(anonymous_15)
DA:15,1
DA:44,4
DA:47,4
DA:50,4
DA:59,12
DA:63,12
DA:75,4
DA:76,4
DA:77,4
DA:82,4
DA:83,4
DA:84,4
DA:85,4
DA:86,4
DA:87,4
DA:88,4
DA:89,4
DA:94,8
DA:95,8
DA:98,8
DA:100,8
DA:104,8
DA:105,8
DA:108,8
DA:110,8
DA:115,4
DA:117,4
DA:118,2
DA:119,2
DA:120,2
DA:122,2
DA:124,2
DA:130,4
DA:131,4
DA:132,2
DA:133,2
DA:134,2
DA:135,2
DA:141,4
DA:142,4
DA:143,2
DA:144,2
DA:150,4
DA:151,4
DA:152,2
DA:153,2
DA:154,2
DA:160,4
DA:161,4
DA:162,4
DA:163,4
DA:164,4
DA:165,4
DA:171,4
DA:172,4
DA:173,4
DA:174,2
DA:176,4
DA:177,2
DA:183,4
DA:184,4
DA:185,2
LF:62
LH:62
BRDA:59,0,0,0
BRDA:59,0,1,12
BRDA:63,1,0,0
BRDA:63,1,1,12
BRDA:96,2,0,8
BRDA:96,2,1,0
BRDA:95,3,0,8
BRDA:95,3,1,0
BRDA:95,3,2,0
BRDA:98,4,0,0
BRDA:98,4,1,8
BRDA:106,5,0,8
BRDA:106,5,1,0
BRDA:105,6,0,8
BRDA:105,6,1,0
BRDA:105,6,2,0
BRDA:108,7,0,0
BRDA:108,7,1,8
BRDA:108,8,0,8
BRDA:108,8,1,8
BRDA:117,9,0,2
BRDA:117,9,1,2
BRDA:131,10,0,2
BRDA:131,10,1,2
BRDA:142,11,0,2
BRDA:142,11,1,2
BRDA:151,12,0,2
BRDA:151,12,1,2
BRDA:173,13,0,2
BRDA:173,13,1,2
BRDA:176,14,0,2
BRDA:176,14,1,2
BRDA:184,15,0,2
BRDA:184,15,1,2
BRF:34
BRH:24
end_of_record
TN:
SF:projects/wvr-elements/src/lib/wvr-dropdown/wvr-dropdown.component.ts
FN:215,(anonymous_0)
FN:29,(anonymous_1)
FN:151,(anonymous_2)
FN:155,(anonymous_3)
FN:164,(anonymous_4)
FN:168,(anonymous_5)
FN:177,(anonymous_6)
FN:181,(anonymous_7)
FN:189,(anonymous_8)
FN:193,(anonymous_9)
FN:221,(anonymous_10)
FN:229,(anonymous_11)
FN:231,(anonymous_12)
FN:242,(anonymous_13)
FN:257,(anonymous_14)
FN:268,(anonymous_15)
FN:275,(anonymous_16)
FN:283,(anonymous_17)
FNF:18
FNH:18
FNDA:38,(anonymous_0)
FNDA:1,(anonymous_1)
FNDA:19,(anonymous_2)
FNDA:85,(anonymous_3)
FNDA:19,(anonymous_4)
FNDA:84,(anonymous_5)
FNDA:19,(anonymous_6)
FNDA:85,(anonymous_7)
FNDA:19,(anonymous_8)
FNDA:84,(anonymous_9)
FNDA:9,(anonymous_10)
FNDA:2,(anonymous_11)
FNDA:1,(anonymous_12)
FNDA:2,(anonymous_13)
FNDA:2,(anonymous_14)
FNDA:7,(anonymous_15)
FNDA:6,(anonymous_16)
FNDA:4,(anonymous_17)
DA:15,1
DA:24,38
DA:30,1
DA:97,38
DA:100,38
DA:103,38
DA:146,38
DA:152,19
DA:156,85
DA:165,19
DA:169,84
DA:178,19
DA:182,85
DA:190,19
DA:194,84
DA:199,38
DA:205,38
DA:211,38
DA:213,38
DA:216,38
DA:217,38
DA:222,9
DA:230,2
DA:231,1
DA:232,1
DA:233,1
DA:243,2
DA:244,1
DA:246,2
DA:247,0
DA:248,0
DA:258,2
DA:259,2
DA:260,2
DA:269,7
DA:270,6
DA:276,6
DA:277,6
DA:278,6
DA:284,4
DA:285,4
LF:41
LH:39
BRDA:157,0,0,38
BRDA:157,0,1,47
BRDA:170,1,0,38
BRDA:170,1,1,46
BRDA:183,2,0,38
BRDA:183,2,1,47
BRDA:195,3,0,38
BRDA:195,3,1,46
BRDA:222,4,0,8
BRDA:222,4,1,1
BRDA:230,5,0,1
BRDA:230,5,1,1
BRDA:230,6,0,2
BRDA:230,6,1,1
BRDA:230,6,2,1
BRDA:243,7,0,1
BRDA:243,7,1,1
BRDA:246,8,0,0
BRDA:246,8,1,2
BRDA:259,9,0,2
BRDA:259,9,1,0
BRDA:269,10,0,6
BRDA:269,10,1,1
BRDA:270,11,0,1
BRDA:270,11,1,5
BRDA:276,12,0,6
BRDA:276,12,1,0
BRF:27
BRH:24
end_of_record
TN:
SF:projects/wvr-elements/src/lib/wvr-footer/wvr-footer.component.ts
FN:43,(anonymous_0)
FN:28,(anonymous_1)
FN:52,(anonymous_2)
FN:71,(anonymous_3)
FN:77,(anonymous_4)
FNF:5
FNH:5
FNDA:4,(anonymous_0)
FNDA:16,(anonymous_1)
FNDA:26,(anonymous_2)
FNDA:4,(anonymous_3)
FNDA:25,(anonymous_4)
DA:15,1
DA:20,4
DA:26,4
DA:29,16
DA:38,4
DA:44,4
DA:45,4
DA:54,26
DA:55,4
DA:58,26
DA:59,26
DA:60,26
DA:61,26
DA:62,4
DA:72,4
DA:73,4
DA:74,4
DA:75,4
DA:77,4
DA:78,25
LF:20
LH:20
BRDA:29,0,0,16
BRDA:29,0,1,0
BRDA:54,1,0,4
BRDA:54,1,1,22
BRDA:59,2,0,22
BRDA:59,2,1,4
BRDA:61,3,0,4
BRDA:61,3,1,22
BRDA:74,4,0,4
BRDA:74,4,1,0
BRF:10
BRH:8
end_of_record
TN:
SF:projects/wvr-elements/src/lib/wvr-header/wvr-header.component.ts
FN:91,(anonymous_0)
FN:35,(anonymous_1)
FN:41,(anonymous_2)
FN:47,(anonymous_3)
FN:78,(anonymous_4)
FN:95,(anonymous_5)
FN:99,(anonymous_6)
FN:104,(anonymous_7)
FNF:8
FNH:8
FNDA:16,(anonymous_0)
FNDA:72,(anonymous_1)
FNDA:72,(anonymous_2)
FNDA:72,(anonymous_3)
FNDA:44,(anonymous_4)
FNDA:22,(anonymous_5)
FNDA:1,(anonymous_6)
FNDA:22,(anonymous_7)
DA:14,1
DA:17,16
DA:20,16
DA:26,16
DA:29,16
DA:31,16
DA:36,72
DA:42,72
DA:48,72
DA:79,44
DA:82,16
DA:84,16
DA:86,16
DA:92,16
DA:96,22
DA:100,1
DA:105,22
DA:106,22
LF:18
LH:18
BRDA:36,0,0,0
BRDA:36,0,1,72
BRDA:42,1,0,0
BRDA:42,1,1,72
BRDA:48,2,0,0
BRDA:48,2,1,72
BRDA:106,3,0,22
BRDA:106,3,1,21
BRDA:106,3,2,20
BRF:9
BRH:6
end_of_record
TN:
SF:projects/wvr-elements/src/lib/wvr-icon/wvr-icon.component.ts
FN:29,(anonymous_0)
FN:33,(anonymous_1)
FNF:2
FNH:2
FNDA:4,(anonymous_0)
FNDA:4,(anonymous_1)
DA:13,1
DA:25,4
DA:30,4
DA:34,4
DA:35,4
LF:5
LH:5
BRF:0
BRH:0
end_of_record
TN:
SF:projects/wvr-elements/src/lib/wvr-it-works/wvr-it-works.component.ts
FN:32,(anonymous_0)
FNF:1
FNH:1
FNDA:17,(anonymous_0)
DA:14,1
DA:17,17
DA:20,17
DA:23,17
DA:28,17
DA:30,17
DA:33,17
LF:7
LH:7
BRF:0
BRH:0
end_of_record
TN:
SF:projects/wvr-elements/src/lib/wvr-list/wvr-list.component.ts
FN:18,(anonymous_0)
FNF:1
FNH:1
FNDA:1,(anonymous_0)
DA:13,1
DA:16,1
DA:19,1
LF:3
LH:3
BRF:0
BRH:0
end_of_record
TN:
SF:projects/wvr-elements/src/lib/wvr-list/wvr-list-item/wvr-list-item.component.ts
FN:39,(anonymous_0)
FN:44,(anonymous_1)
FN:51,(anonymous_2)
FNF:3
FNH:3
FNDA:1,(anonymous_0)
FNDA:1,(anonymous_1)
FNDA:1,(anonymous_2)
DA:14,1
DA:35,1
DA:37,1
DA:40,1
DA:45,1
DA:46,1
DA:47,1
DA:48,1
DA:53,1
DA:56,1
DA:57,8
DA:60,1
LF:12
LH:12
BRDA:48,0,0,0
BRDA:48,0,1,1
BRDA:48,1,0,0
BRDA:48,1,1,1
BRF:4
BRH:2
end_of_record
TN:
SF:projects/wvr-elements/src/lib/wvr-manifest/mapping-strategies.ts
FN:4,(anonymous_0)
FN:8,(anonymous_1)
FN:12,(anonymous_2)
FNF:3
FNH:0
FNDA:0,(anonymous_0)
FNDA:0,(anonymous_1)
FNDA:0,(anonymous_2)
DA:3,1
DA:4,0
DA:7,1
DA:8,0
DA:11,1
DA:12,0
LF:6
LH:3
BRF:0
BRH:0
end_of_record
TN:
SF:projects/wvr-elements/src/lib/wvr-manifest/wvr-manifest.component.ts
FN:43,(anonymous_0)
FN:47,(anonymous_1)
FN:49,(anonymous_2)
FN:57,(anonymous_3)
FN:63,(anonymous_4)
FNF:5
FNH:5
FNDA:5,(anonymous_0)
FNDA:9,(anonymous_1)
FNDA:9,(anonymous_2)
FNDA:9,(anonymous_3)
FNDA:19,(anonymous_4)
DA:21,1
DA:40,5
DA:44,5
DA:48,9
DA:49,9
DA:50,9
DA:59,9
DA:63,9
DA:64,19
DA:65,19
DA:69,19
DA:80,9
DA:88,9
LF:13
LH:13
BRDA:60,0,0,0
BRDA:60,0,1,9
BRDA:66,1,0,0
BRDA:66,1,1,19
BRDA:71,2,0,16
BRDA:71,2,1,3
BRDA:75,3,0,0
BRDA:75,3,1,19
BRF:8
BRH:5
end_of_record
TN:
SF:projects/wvr-elements/src/lib/wvr-manifest/wvr-manifest-entry/wvr-manifest-entry.component.ts
FN:27,(anonymous_0)
FN:34,(anonymous_1)
FNF:2
FNH:2
FNDA:11,(anonymous_0)
FNDA:8,(anonymous_1)
DA:11,1
DA:28,11
DA:29,11
DA:35,8
DA:36,8
DA:37,8
DA:38,8
DA:40,0
LF:8
LH:7
BRDA:36,0,0,8
BRDA:36,0,1,0
BRF:2
BRH:1
end_of_record
TN:
SF:projects/wvr-elements/src/lib/wvr-modal/wvr-modal.component.ts
FN:59,(anonymous_0)
FN:55,(anonymous_1)
FN:66,(anonymous_2)
FN:69,(anonymous_3)
FN:70,(anonymous_4)
FN:72,(anonymous_5)
FN:80,(anonymous_6)
FN:109,(anonymous_7)
FN:111,(anonymous_8)
FN:123,(anonymous_9)
FN:131,(anonymous_10)
FN:136,(anonymous_11)
FN:137,(anonymous_12)
FN:148,(anonymous_13)
FN:153,(anonymous_14)
FN:176,(anonymous_15)
FNF:16
FNH:4
FNDA:2,(anonymous_0)
FNDA:4,(anonymous_1)
FNDA:2,(anonymous_2)
FNDA:0,(anonymous_3)
FNDA:0,(anonymous_4)
FNDA:0,(anonymous_5)
FNDA:0,(anonymous_6)
FNDA:2,(anonymous_7)
FNDA:0,(anonymous_8)
FNDA:0,(anonymous_9)
FNDA:0,(anonymous_10)
FNDA:0,(anonymous_11)
FNDA:0,(anonymous_12)
FNDA:0,(anonymous_13)
FNDA:0,(anonymous_14)
FNDA:0,(anonymous_15)
DA:15,1
DA:22,2
DA:34,2
DA:43,2
DA:45,2
DA:47,2
DA:49,2
DA:51,2
DA:53,2
DA:56,4
DA:61,2
DA:63,2
DA:67,2
DA:69,2
DA:70,0
DA:71,0
DA:72,0
DA:73,0
DA:74,0
DA:75,0
DA:76,0
DA:79,0
DA:81,0
DA:89,2
DA:90,2
DA:94,2
DA:96,2
DA:98,2
DA:100,2
DA:107,2
DA:109,2
DA:112,0
DA:113,0
DA:114,0
DA:124,0
DA:126,0
DA:130,0
DA:131,0
DA:132,0
DA:133,0
DA:134,0
DA:135,0
DA:136,0
DA:138,0
DA:142,0
DA:143,0
DA:149,0
DA:154,0
DA:155,0
DA:157,0
DA:162,0
DA:164,0
DA:169,0
DA:173,0
DA:177,0
LF:55
LH:22
BRDA:71,0,0,0
BRDA:71,0,1,0
BRDA:71,1,0,0
BRDA:71,1,1,0
BRDA:74,2,0,0
BRDA:74,2,1,0
BRDA:77,3,0,0
BRDA:77,3,1,0
BRDA:90,4,0,2
BRDA:90,4,1,0
BRDA:94,5,0,2
BRDA:94,5,1,0
BRDA:96,6,0,0
BRDA:96,6,1,2
BRDA:98,7,0,0
BRDA:98,7,1,2
BRDA:113,8,0,0
BRDA:113,8,1,0
BRDA:130,9,0,0
BRDA:130,9,1,0
BRDA:133,10,0,0
BRDA:133,10,1,0
BRDA:156,11,0,0
BRDA:156,11,1,0
BRDA:156,11,2,0
BRDA:158,12,0,0
BRDA:158,12,1,0
BRDA:160,13,0,0
BRDA:160,13,1,0
BRDA:165,14,0,0
BRDA:165,14,1,0
BRDA:167,15,0,0
BRDA:167,15,1,0
BRDA:177,16,0,0
BRDA:177,16,1,0
BRDA:177,17,0,0
BRDA:177,17,1,0
BRF:37
BRH:4
end_of_record
TN:
SF:projects/wvr-elements/src/lib/wvr-nav-list/wvr-nav-list.component.ts
FN:23,(anonymous_0)
FNF:1
FNH:1
FNDA:3,(anonymous_0)
DA:15,1
DA:18,3
DA:21,3
DA:24,3
LF:4
LH:4
BRF:0
BRH:0
end_of_record
TN:
SF:projects/wvr-elements/src/lib/wvr-nav-list/wvr-nav-li/wvr-nav-li.component.ts
FN:45,(anonymous_0)
FNF:1
FNH:1
FNDA:1,(anonymous_0)
DA:13,1
DA:46,1
LF:2
LH:2
BRF:0
BRH:0
end_of_record
TN:
SF:projects/wvr-elements/src/lib/wvr-tabs/wvr-tabs.component.ts
FN:28,(anonymous_0)
FN:33,(anonymous_1)
FN:41,(anonymous_2)
FN:47,(anonymous_3)
FN:48,(anonymous_4)
FNF:5
FNH:5
FNDA:8,(anonymous_0)
FNDA:6,(anonymous_1)
FNDA:6,(anonymous_2)
FNDA:6,(anonymous_3)
FNDA:2,(anonymous_4)
DA:14,1
DA:17,8
DA:23,8
DA:26,8
DA:29,8
DA:34,6
DA:35,5
DA:37,6
DA:42,6
DA:43,6
DA:48,6
DA:49,2
LF:12
LH:12
BRDA:34,0,0,5
BRDA:34,0,1,1
BRF:2
BRH:2
end_of_record
TN:
SF:projects/wvr-elements/src/lib/wvr-tabs/wvr-tab/wvr-tab.component.ts
FN:28,(anonymous_0)
FN:33,(anonymous_1)
FN:39,(anonymous_2)
FN:46,(anonymous_3)
FN:51,(anonymous_4)
FN:62,(anonymous_5)
FNF:6
FNH:6
FNDA:9,(anonymous_0)
FNDA:1,(anonymous_1)
FNDA:6,(anonymous_2)
FNDA:2,(anonymous_3)
FNDA:4,(anonymous_4)
FNDA:6,(anonymous_5)
DA:14,1
DA:20,9
DA:23,9
DA:26,9
DA:29,9
DA:34,1
DA:35,1
DA:40,6
DA:41,6
DA:42,6
DA:47,2
DA:52,4
DA:53,4
DA:54,0
DA:55,0
DA:57,4
DA:63,6
DA:64,6
DA:66,6
LF:19
LH:17
BRDA:53,0,0,0
BRDA:53,0,1,4
BRF:2
BRH:1
end_of_record
TN:
SF:projects/wvr-elements/src/lib/wvr-wysiwyg/wvr-wysiwyg.component.ts
FN:66,(anonymous_0)
FN:60,(anonymous_1)
FN:61,(anonymous_2)
FN:29,(anonymous_3)
FN:30,(anonymous_4)
FN:32,(anonymous_5)
FN:33,(anonymous_6)
FN:35,(anonymous_7)
FN:36,(anonymous_8)
FN:38,(anonymous_9)
FN:39,(anonymous_10)
FN:41,(anonymous_11)
FN:42,(anonymous_12)
FN:71,(anonymous_13)
FN:83,(anonymous_14)
FN:84,(anonymous_15)
FN:85,(anonymous_16)
FN:90,(anonymous_17)
FN:100,(anonymous_18)
FN:106,(anonymous_19)
FNF:20
FNH:13
FNDA:12,(anonymous_0)
FNDA:0,(anonymous_1)
FNDA:0,(anonymous_2)
FNDA:1,(anonymous_3)
FNDA:2,(anonymous_4)
FNDA:7,(anonymous_5)
FNDA:3,(anonymous_6)
FNDA:1,(anonymous_7)
FNDA:1,(anonymous_8)
FNDA:1,(anonymous_9)
FNDA:1,(anonymous_10)
FNDA:0,(anonymous_11)
FNDA:15,(anonymous_12)
FNDA:12,(anonymous_13)
FNDA:12,(anonymous_14)
FNDA:0,(anonymous_15)
FNDA:0,(anonymous_16)
FNDA:12,(anonymous_17)
FNDA:0,(anonymous_18)
FNDA:0,(anonymous_19)
DA:19,1
DA:27,12
DA:29,1
DA:30,2
DA:32,7
DA:33,3
DA:35,1
DA:36,1
DA:38,1
DA:39,1
DA:41,0
DA:42,15
DA:48,12
DA:60,0
DA:61,0
DA:64,12
DA:67,12
DA:68,12
DA:72,12
DA:73,12
DA:81,12
DA:83,12
DA:84,0
DA:86,0
DA:91,12
DA:92,12
DA:93,0
DA:95,12
DA:96,12
DA:101,0
DA:107,0
DA:111,0
DA:112,0
LF:33
LH:23
BRDA:92,0,0,0
BRDA:92,0,1,12
BRDA:95,1,0,12
BRDA:95,1,1,0
BRDA:111,2,0,0
BRDA:111,2,1,0
BRF:6
BRH:2
end_of_record
